<?xml version="1.0" encoding="UTF-8"?>
<!-- Generated by org.testng.reporters.JUnitReportReporter -->
<testsuite hostname="Akash" failures="0" tests="3" name="Testng.DataProviders" time="59.851" errors="0" timestamp="2023-10-06T15:57:40 IST" skipped="0">
  <testcase classname="Testng.DataProviders" name="demo" time="5.287"/>
  <testcase classname="Testng.DataProviders" name="demo" time="5.531"/>
  <testcase classname="Testng.DataProviders" name="demo" time="49.033"/>
</testsuite> <!-- Testng.DataProviders -->
