<?xml version="1.0" encoding="UTF-8"?>
<!-- Generated by org.testng.reporters.JUnitReportReporter -->
<testsuite hostname="Akash" failures="0" tests="1" name="Testing_failing_Purpose.amazon" time="6.201" errors="0" timestamp="2023-10-06T15:10:51 IST" skipped="0">
  <testcase classname="Testing_failing_Purpose.amazon" name="az" time="6.201"/>
</testsuite> <!-- Testing_failing_Purpose.amazon -->
