<?xml version="1.0" encoding="UTF-8"?>
<!-- Generated by org.testng.reporters.JUnitReportReporter -->
<testsuite hostname="Akash" failures="0" tests="1" name="TestNg_Paralell.Facebook_Paralell" time="48.888" errors="0" timestamp="2023-10-05T14:26:42 IST" skipped="0">
  <testcase classname="TestNg_Paralell.Facebook_Paralell" name="fb" time="48.888"/>
</testsuite> <!-- TestNg_Paralell.Facebook_Paralell -->
