<?xml version="1.0" encoding="UTF-8"?>
<!-- Generated by org.testng.reporters.JUnitReportReporter -->
<testsuite hostname="Akash" failures="0" tests="1" name="TestNG_Groups.sample1" time="0.001" errors="0" timestamp="2023-10-05T15:25:32 IST" skipped="0">
  <testcase classname="TestNG_Groups.sample1" name="demo2" time="0.001"/>
</testsuite> <!-- TestNG_Groups.sample1 -->
