<?xml version="1.0" encoding="UTF-8"?>
<!-- Generated by org.testng.reporters.JUnitReportReporter -->
<testsuite hostname="Akash" failures="0" tests="1" name="TestNg_Paralell.Amazon_Paralell" time="47.653" errors="0" timestamp="2023-10-05T14:26:42 IST" skipped="0">
  <testcase classname="TestNg_Paralell.Amazon_Paralell" name="az" time="47.653"/>
</testsuite> <!-- TestNg_Paralell.Amazon_Paralell -->
