<?xml version="1.0" encoding="UTF-8"?>
<!-- Generated by org.testng.reporters.JUnitReportReporter -->
<testsuite hostname="Akash" failures="0" tests="1" name="TestNG_Sequential.Facebook" time="48.010" errors="0" timestamp="2023-10-04T15:47:37 IST" skipped="0">
  <testcase classname="TestNG_Sequential.Facebook" name="fb" time="48.010"/>
</testsuite> <!-- TestNG_Sequential.Facebook -->
