<?xml version="1.0" encoding="UTF-8"?>
<!-- Generated by org.testng.reporters.JUnitReportReporter -->
<testsuite hostname="Akash" failures="0" tests="1" name="TestNG_Sequential.Amazon" time="5.998" errors="0" timestamp="2023-10-04T15:47:37 IST" skipped="0">
  <testcase classname="TestNG_Sequential.Amazon" name="az" time="5.998"/>
</testsuite> <!-- TestNG_Sequential.Amazon -->
