<?xml version="1.0" encoding="UTF-8"?>
<!-- Generated by org.testng.reporters.JUnitReportReporter -->
<testsuite hostname="Akash" failures="0" tests="2" name="Testng.Assertions" time="9.411" errors="0" timestamp="2023-10-05T15:59:30 IST" skipped="0">
  <testcase classname="Testng.Assertions" name="FB" time="6.202"/>
  <testcase classname="Testng.Assertions" name="closing" time="3.209"/>
</testsuite> <!-- Testng.Assertions -->
