<?xml version="1.0" encoding="UTF-8"?>
<!-- Generated by org.testng.reporters.JUnitReportReporter -->
<testsuite hostname="Akash" failures="0" tests="1" name="Testing_failing_Purpose.snapdeal" time="42.437" errors="0" timestamp="2023-10-06T15:10:51 IST" skipped="0">
  <testcase classname="Testing_failing_Purpose.snapdeal" name="sd" time="42.437"/>
</testsuite> <!-- Testing_failing_Purpose.snapdeal -->
