<?xml version="1.0" encoding="UTF-8"?>
<!-- Generated by org.testng.reporters.JUnitReportReporter -->
<testsuite hostname="Akash" failures="0" tests="2" name="TestNg_Paralell.Compatability" time="8.823" errors="0" timestamp="2023-10-05T15:04:05 IST" skipped="0">
  <testcase classname="TestNg_Paralell.Compatability" name="fb" time="3.603"/>
  <testcase classname="TestNg_Paralell.Compatability" name="fb" time="5.220"/>
</testsuite> <!-- TestNg_Paralell.Compatability -->
