<?xml version="1.0" encoding="UTF-8"?>
<!-- Generated by org.testng.reporters.JUnitReportReporter -->
<testsuite hostname="Akash" failures="0" tests="3" name="TestNG_Annotations.amazon_facebook_snapdeal" time="66.900" errors="0" timestamp="2023-10-06T14:45:11 IST" skipped="0">
  <testcase classname="TestNG_Annotations.amazon_facebook_snapdeal" name="fb" time="5.739"/>
  <testcase classname="TestNG_Annotations.amazon_facebook_snapdeal" name="sd" time="51.349"/>
  <testcase classname="TestNG_Annotations.amazon_facebook_snapdeal" name="az" time="9.812"/>
</testsuite> <!-- TestNG_Annotations.amazon_facebook_snapdeal -->
