<?xml version="1.0" encoding="UTF-8"?>
<!-- Generated by org.testng.reporters.JUnitReportReporter -->
<testsuite hostname="Akash" failures="0" tests="5" name="Testng.Priority_Invocation_Enabled" time="0.017" errors="0" timestamp="2023-10-04T15:31:18 IST" skipped="1">
  <testcase classname="Testng.Priority_Invocation_Enabled" name="demo1" time="0.014"/>
  <testcase classname="Testng.Priority_Invocation_Enabled" name="demo3" time="0.001"/>
  <testcase classname="Testng.Priority_Invocation_Enabled" name="demo3" time="0.001"/>
  <testcase classname="Testng.Priority_Invocation_Enabled" name="demo3" time="0.001"/>
  <testcase classname="Testng.Priority_Invocation_Enabled" name="demo2">
    <skipped/>
  </testcase> <!-- demo2 -->
</testsuite> <!-- Testng.Priority_Invocation_Enabled -->
